Using pre-set license
Built from '2020.3/staging' branch; Version is '2020.3.3f1 (76626098c1c4) revision 7758432'; Using compiler version '192528614'; Build Type 'Release'
OS: 'Windows 10 Pro; OS build 19041.985; Version 2004; 64bit' Language: 'tr' Physical Memory: 16327 MB
BatchMode: 1, IsHumanControllingUs: 0, StartBugReporterOnCrash: 0, Is64bit: 1, IsPro: 0

 COMMAND LINE ARGUMENTS:
C:\Program Files\Unity\Hub\Editor\2020.3.3f1\Editor\Unity.exe
-adb2
-batchMode
-noUpm
-name
AssetImportWorker1
-projectPath
D:/Unity/Projects/Tower Defence/TowerDefence/Tower Defence
-logFile
Logs/AssetImportWorker1.log
-srvPort
55355
Successfully changed project path to: D:/Unity/Projects/Tower Defence/TowerDefence/Tower Defence
D:/Unity/Projects/Tower Defence/TowerDefence/Tower Defence
Using Asset Import Pipeline V2.
Refreshing native plugins compatible for Editor in 22.14 ms, found 0 plugins.
Preloading 0 native plugins for Editor in 0.00 ms.
Initialize engine version: 2020.3.3f1 (76626098c1c4)
[Subsystems] Discovering subsystems at path C:/Program Files/Unity/Hub/Editor/2020.3.3f1/Editor/Data/Resources/UnitySubsystems
[Subsystems] Discovering subsystems at path D:/Unity/Projects/Tower Defence/TowerDefence/Tower Defence/Assets
GfxDevice: creating device client; threaded=0
Direct3D:
    Version:  Direct3D 11.0 [level 11.1]
    Renderer: NVIDIA GeForce GTX 970 (ID=0x13c2)
    Vendor:   
    VRAM:     4043 MB
    Driver:   27.21.14.6663
Initialize mono
Mono path[0] = 'C:/Program Files/Unity/Hub/Editor/2020.3.3f1/Editor/Data/Managed'
Mono path[1] = 'C:/Program Files/Unity/Hub/Editor/2020.3.3f1/Editor/Data/MonoBleedingEdge/lib/mono/unityjit'
Mono config path = 'C:/Program Files/Unity/Hub/Editor/2020.3.3f1/Editor/Data/MonoBleedingEdge/etc'
Using monoOptions --debugger-agent=transport=dt_socket,embedding=1,server=y,suspend=n,address=127.0.0.1:56008
Begin MonoManager ReloadAssembly
Registering precompiled unity dll's ...
Register platform support module: C:/Program Files/Unity/Hub/Editor/2020.3.3f1/Editor/Data/PlaybackEngines/WindowsStandaloneSupport/UnityEditor.WindowsStandalone.Extensions.dll
Registered in 0.002067 seconds.
Native extension for WindowsStandalone target not found
Refreshing native plugins compatible for Editor in 20.31 ms, found 0 plugins.
Preloading 0 native plugins for Editor in 0.00 ms.
Invoked RoslynAnalysisRunner static constructor.
RoslynAnalysisRunner will not be running.
RoslynAnalysisRunner has terminated.
Mono: successfully reloaded assembly
- Completed reload, in  2.111 seconds
Platform modules already initialized, skipping
Registering precompiled user dll's ...
Registered in 0.000663 seconds.
Begin MonoManager ReloadAssembly
Native extension for WindowsStandalone target not found
Refreshing native plugins compatible for Editor in 0.22 ms, found 0 plugins.
Preloading 0 native plugins for Editor in 0.00 ms.
Invoked RoslynAnalysisRunner static constructor.
RoslynAnalysisRunner will not be running.
RoslynAnalysisRunner has terminated.
Mono: successfully reloaded assembly
- Completed reload, in  1.206 seconds
Platform modules already initialized, skipping
========================================================================
Worker process is ready to serve import requests
Launched and connected shader compiler UnityShaderCompiler.exe after 0.08 seconds
Refreshing native plugins compatible for Editor in 0.31 ms, found 0 plugins.
Preloading 0 native plugins for Editor in 0.00 ms.
Unloading 1118 Unused Serialized files (Serialized files now loaded: 0)
System memory in use before: 57.3 MB.
System memory in use after: 57.3 MB.

Unloading 10 unused Assets to reduce memory usage. Loaded Objects now: 1560.
Total: 2.838100 ms (FindLiveObjects: 0.200700 ms CreateObjectMapping: 0.066000 ms MarkObjects: 2.431600 ms  DeleteObjects: 0.137900 ms)

========================================================================
Received Import Request.
  path: Assets/Scripts/WaveSpawner.cs
  artifactKey: Guid(77d5bf0fde0b95e41ac35c5fa3111e73) Importer(815301076,1909f56bfc062723c751e8b465ee728b)
Start importing Assets/Scripts/WaveSpawner.cs using Guid(77d5bf0fde0b95e41ac35c5fa3111e73) Importer(815301076,1909f56bfc062723c751e8b465ee728b)  -> (artifact id: 'bc64022cf155fa296287eaf829cbe56a') in 0.077386 seconds
  Import took 0.108020 seconds .

========================================================================
Received Import Request.
  Time since last request: 196.975933 seconds.
  path: Assets/Scripts/WaveSpawner.cs
  artifactKey: Guid(77d5bf0fde0b95e41ac35c5fa3111e73) Importer(815301076,1909f56bfc062723c751e8b465ee728b)
Start importing Assets/Scripts/WaveSpawner.cs using Guid(77d5bf0fde0b95e41ac35c5fa3111e73) Importer(815301076,1909f56bfc062723c751e8b465ee728b)  -> (artifact id: '676f0dfdbe41e38820b0378c2d4e131f') in 0.007143 seconds
  Import took 0.023856 seconds .

========================================================================
Received Import Request.
  Time since last request: 9.922024 seconds.
  path: Assets/Scripts/WaveSpawner.cs
  artifactKey: Guid(77d5bf0fde0b95e41ac35c5fa3111e73) Importer(815301076,1909f56bfc062723c751e8b465ee728b)
Start importing Assets/Scripts/WaveSpawner.cs using Guid(77d5bf0fde0b95e41ac35c5fa3111e73) Importer(815301076,1909f56bfc062723c751e8b465ee728b)  -> (artifact id: '78ff6746bc368ff9bb2324eb98bd6120') in 0.006977 seconds
  Import took 0.009420 seconds .

========================================================================
Received Import Request.
  Time since last request: 42.854305 seconds.
  path: Assets/Scripts/WaveSpawner.cs
  artifactKey: Guid(77d5bf0fde0b95e41ac35c5fa3111e73) Importer(815301076,1909f56bfc062723c751e8b465ee728b)
Start importing Assets/Scripts/WaveSpawner.cs using Guid(77d5bf0fde0b95e41ac35c5fa3111e73) Importer(815301076,1909f56bfc062723c751e8b465ee728b)  -> (artifact id: '94366c1a21ea55f6133726505cc502bf') in 0.004311 seconds
  Import took 0.014877 seconds .

========================================================================
Received Import Request.
  Time since last request: 59.413915 seconds.
  path: Assets/Scripts/WaveSpawner.cs
  artifactKey: Guid(77d5bf0fde0b95e41ac35c5fa3111e73) Importer(815301076,1909f56bfc062723c751e8b465ee728b)
Start importing Assets/Scripts/WaveSpawner.cs using Guid(77d5bf0fde0b95e41ac35c5fa3111e73) Importer(815301076,1909f56bfc062723c751e8b465ee728b)  -> (artifact id: '6bf64a2ca28f6b0d0d04f80c724f97f6') in 0.002879 seconds
  Import took 0.012209 seconds .

========================================================================
Received Import Request.
  Time since last request: 23.126249 seconds.
  path: Assets/Scripts/WaveSpawner.cs
  artifactKey: Guid(77d5bf0fde0b95e41ac35c5fa3111e73) Importer(815301076,1909f56bfc062723c751e8b465ee728b)
Start importing Assets/Scripts/WaveSpawner.cs using Guid(77d5bf0fde0b95e41ac35c5fa3111e73) Importer(815301076,1909f56bfc062723c751e8b465ee728b)  -> (artifact id: '2d8a75e4061b17b818ceb6838a08b181') in 0.008323 seconds
  Import took 0.018570 seconds .

========================================================================
Received Prepare
Registering precompiled user dll's ...
Registered in 0.000951 seconds.
Begin MonoManager ReloadAssembly
Native extension for WindowsStandalone target not found
Refreshing native plugins compatible for Editor in 0.19 ms, found 0 plugins.
Preloading 0 native plugins for Editor in 0.00 ms.
Invoked RoslynAnalysisRunner static constructor.
RoslynAnalysisRunner will not be running.
RoslynAnalysisRunner has terminated.
Mono: successfully reloaded assembly
- Completed reload, in  0.841 seconds
Platform modules already initialized, skipping
Refreshing native plugins compatible for Editor in 0.19 ms, found 0 plugins.
Preloading 0 native plugins for Editor in 0.00 ms.
Unloading 1113 Unused Serialized files (Serialized files now loaded: 0)
System memory in use before: 57.2 MB.
System memory in use after: 57.3 MB.

Unloading 5 unused Assets to reduce memory usage. Loaded Objects now: 1563.
Total: 1.711800 ms (FindLiveObjects: 0.193500 ms CreateObjectMapping: 0.044500 ms MarkObjects: 1.413600 ms  DeleteObjects: 0.059200 ms)

========================================================================
Received Prepare
Registering precompiled user dll's ...
Registered in 0.000808 seconds.
Begin MonoManager ReloadAssembly
Native extension for WindowsStandalone target not found
Refreshing native plugins compatible for Editor in 0.19 ms, found 0 plugins.
Preloading 0 native plugins for Editor in 0.00 ms.
Invoked RoslynAnalysisRunner static constructor.
RoslynAnalysisRunner will not be running.
RoslynAnalysisRunner has terminated.
Mono: successfully reloaded assembly
- Completed reload, in  0.739 seconds
Platform modules already initialized, skipping
Refreshing native plugins compatible for Editor in 0.22 ms, found 0 plugins.
Preloading 0 native plugins for Editor in 0.00 ms.
Unloading 1113 Unused Serialized files (Serialized files now loaded: 0)
System memory in use before: 57.2 MB.
System memory in use after: 57.3 MB.

Unloading 5 unused Assets to reduce memory usage. Loaded Objects now: 1566.
Total: 1.461100 ms (FindLiveObjects: 0.118900 ms CreateObjectMapping: 0.030600 ms MarkObjects: 1.260000 ms  DeleteObjects: 0.050800 ms)

========================================================================
Received Prepare
Registering precompiled user dll's ...
Registered in 0.000696 seconds.
Begin MonoManager ReloadAssembly
Native extension for WindowsStandalone target not found
Refreshing native plugins compatible for Editor in 0.21 ms, found 0 plugins.
Preloading 0 native plugins for Editor in 0.00 ms.
Invoked RoslynAnalysisRunner static constructor.
RoslynAnalysisRunner will not be running.
RoslynAnalysisRunner has terminated.
Mono: successfully reloaded assembly
- Completed reload, in  0.788 seconds
Platform modules already initialized, skipping
Refreshing native plugins compatible for Editor in 0.19 ms, found 0 plugins.
Preloading 0 native plugins for Editor in 0.00 ms.
Unloading 1113 Unused Serialized files (Serialized files now loaded: 0)
System memory in use before: 57.3 MB.
System memory in use after: 57.3 MB.

Unloading 5 unused Assets to reduce memory usage. Loaded Objects now: 1569.
Total: 1.416800 ms (FindLiveObjects: 0.119300 ms CreateObjectMapping: 0.033100 ms MarkObjects: 1.181700 ms  DeleteObjects: 0.081800 ms)

========================================================================
Received Import Request.
  Time since last request: 336.320235 seconds.
  path: Assets/Scripts/Enemy.cs
  artifactKey: Guid(b5d186892d280274da19300b9d54ba7f) Importer(815301076,1909f56bfc062723c751e8b465ee728b)
Start importing Assets/Scripts/Enemy.cs using Guid(b5d186892d280274da19300b9d54ba7f) Importer(815301076,1909f56bfc062723c751e8b465ee728b)  -> (artifact id: 'cc212c185954041fb23812b83d38156c') in 0.010012 seconds
  Import took 0.037773 seconds .

========================================================================
Received Prepare
Registering precompiled user dll's ...
Registered in 0.000901 seconds.
Begin MonoManager ReloadAssembly
Native extension for WindowsStandalone target not found
Refreshing native plugins compatible for Editor in 0.20 ms, found 0 plugins.
Preloading 0 native plugins for Editor in 0.00 ms.
Invoked RoslynAnalysisRunner static constructor.
RoslynAnalysisRunner will not be running.
RoslynAnalysisRunner has terminated.
Mono: successfully reloaded assembly
- Completed reload, in  0.730 seconds
Platform modules already initialized, skipping
Refreshing native plugins compatible for Editor in 0.19 ms, found 0 plugins.
Preloading 0 native plugins for Editor in 0.00 ms.
Unloading 1113 Unused Serialized files (Serialized files now loaded: 0)
System memory in use before: 57.3 MB.
System memory in use after: 57.3 MB.

Unloading 5 unused Assets to reduce memory usage. Loaded Objects now: 1572.
Total: 1.735900 ms (FindLiveObjects: 0.105900 ms CreateObjectMapping: 0.026600 ms MarkObjects: 1.531900 ms  DeleteObjects: 0.070400 ms)

========================================================================
Received Import Request.
  Time since last request: 9.036744 seconds.
  path: Assets/PreFab/Enemy.prefab
  artifactKey: Guid(1e94ba891346ccc4fba4f83e0d113ae4) Importer(815301076,1909f56bfc062723c751e8b465ee728b)
Start importing Assets/PreFab/Enemy.prefab using Guid(1e94ba891346ccc4fba4f83e0d113ae4) Importer(815301076,1909f56bfc062723c751e8b465ee728b)  -> (artifact id: '32a2dd7d6b2e3630676948c2b8a6f8fe') in 0.093257 seconds
  Import took 0.105893 seconds .

========================================================================
Received Import Request.
  Time since last request: 28.448092 seconds.
  path: Assets/PreFab/Enemy.prefab
  artifactKey: Guid(1e94ba891346ccc4fba4f83e0d113ae4) Importer(815301076,1909f56bfc062723c751e8b465ee728b)
Start importing Assets/PreFab/Enemy.prefab using Guid(1e94ba891346ccc4fba4f83e0d113ae4) Importer(815301076,1909f56bfc062723c751e8b465ee728b)  -> (artifact id: '97d07fb05555e35891bb025b39deec4d') in 0.015886 seconds
  Import took 0.029228 seconds .

========================================================================
Received Prepare
Registering precompiled user dll's ...
Registered in 0.000684 seconds.
Begin MonoManager ReloadAssembly
Native extension for WindowsStandalone target not found
Refreshing native plugins compatible for Editor in 0.23 ms, found 0 plugins.
Preloading 0 native plugins for Editor in 0.00 ms.
Invoked RoslynAnalysisRunner static constructor.
RoslynAnalysisRunner will not be running.
RoslynAnalysisRunner has terminated.
Mono: successfully reloaded assembly
- Completed reload, in  1.035 seconds
Platform modules already initialized, skipping
Refreshing native plugins compatible for Editor in 0.26 ms, found 0 plugins.
Preloading 0 native plugins for Editor in 0.00 ms.
Unloading 1113 Unused Serialized files (Serialized files now loaded: 0)
System memory in use before: 60.4 MB.
System memory in use after: 60.5 MB.

Unloading 5 unused Assets to reduce memory usage. Loaded Objects now: 1583.
Total: 2.053600 ms (FindLiveObjects: 0.128200 ms CreateObjectMapping: 0.031700 ms MarkObjects: 1.839100 ms  DeleteObjects: 0.053100 ms)

========================================================================
Received Import Request.
  Time since last request: 43.474270 seconds.
  path: Assets/PreFab/Enemy.prefab
  artifactKey: Guid(1e94ba891346ccc4fba4f83e0d113ae4) Importer(815301076,1909f56bfc062723c751e8b465ee728b)
Start importing Assets/PreFab/Enemy.prefab using Guid(1e94ba891346ccc4fba4f83e0d113ae4) Importer(815301076,1909f56bfc062723c751e8b465ee728b)  -> (artifact id: '32aca1503c81af48f97579704d3d1079') in 0.100557 seconds
  Import took 0.102849 seconds .

========================================================================
Received Import Request.
  Time since last request: 2.002465 seconds.
  path: Assets/PreFab/Enemy.prefab
  artifactKey: Guid(1e94ba891346ccc4fba4f83e0d113ae4) Importer(815301076,1909f56bfc062723c751e8b465ee728b)
Start importing Assets/PreFab/Enemy.prefab using Guid(1e94ba891346ccc4fba4f83e0d113ae4) Importer(815301076,1909f56bfc062723c751e8b465ee728b)  -> (artifact id: 'c8f6ad612360eed043e2756a762ea10d') in 0.022763 seconds
  Import took 0.027649 seconds .

========================================================================
Received Prepare
Registering precompiled user dll's ...
Registered in 0.000692 seconds.
Begin MonoManager ReloadAssembly
Native extension for WindowsStandalone target not found
Refreshing native plugins compatible for Editor in 0.21 ms, found 0 plugins.
Preloading 0 native plugins for Editor in 0.00 ms.
Invoked RoslynAnalysisRunner static constructor.
RoslynAnalysisRunner will not be running.
RoslynAnalysisRunner has terminated.
Mono: successfully reloaded assembly
- Completed reload, in  1.367 seconds
Platform modules already initialized, skipping
Refreshing native plugins compatible for Editor in 0.24 ms, found 0 plugins.
Preloading 0 native plugins for Editor in 0.00 ms.
Unloading 1113 Unused Serialized files (Serialized files now loaded: 0)
System memory in use before: 60.4 MB.
System memory in use after: 60.5 MB.

Unloading 5 unused Assets to reduce memory usage. Loaded Objects now: 1587.
Total: 5.395800 ms (FindLiveObjects: 0.209400 ms CreateObjectMapping: 0.061500 ms MarkObjects: 5.061500 ms  DeleteObjects: 0.061900 ms)

========================================================================
Received Prepare
Registering precompiled user dll's ...
Registered in 0.004679 seconds.
Begin MonoManager ReloadAssembly
Native extension for WindowsStandalone target not found
Refreshing native plugins compatible for Editor in 0.79 ms, found 0 plugins.
Preloading 0 native plugins for Editor in 0.00 ms.
Invoked RoslynAnalysisRunner static constructor.
RoslynAnalysisRunner will not be running.
RoslynAnalysisRunner has terminated.
Mono: successfully reloaded assembly
- Completed reload, in  4.186 seconds
Platform modules already initialized, skipping
Refreshing native plugins compatible for Editor in 0.21 ms, found 0 plugins.
Preloading 0 native plugins for Editor in 0.00 ms.
Unloading 1113 Unused Serialized files (Serialized files now loaded: 0)
System memory in use before: 60.5 MB.
System memory in use after: 60.5 MB.

Unloading 5 unused Assets to reduce memory usage. Loaded Objects now: 1590.
Total: 5.052200 ms (FindLiveObjects: 0.555100 ms CreateObjectMapping: 0.306900 ms MarkObjects: 4.093500 ms  DeleteObjects: 0.094900 ms)

========================================================================
Received Prepare
Registering precompiled user dll's ...
Registered in 0.003970 seconds.
Begin MonoManager ReloadAssembly
Native extension for WindowsStandalone target not found
Refreshing native plugins compatible for Editor in 0.19 ms, found 0 plugins.
Preloading 0 native plugins for Editor in 0.00 ms.
Invoked RoslynAnalysisRunner static constructor.
RoslynAnalysisRunner will not be running.
RoslynAnalysisRunner has terminated.
Mono: successfully reloaded assembly
- Completed reload, in  0.929 seconds
Platform modules already initialized, skipping
Refreshing native plugins compatible for Editor in 0.20 ms, found 0 plugins.
Preloading 0 native plugins for Editor in 0.00 ms.
Unloading 1113 Unused Serialized files (Serialized files now loaded: 0)
System memory in use before: 60.5 MB.
System memory in use after: 60.5 MB.

Unloading 5 unused Assets to reduce memory usage. Loaded Objects now: 1593.
Total: 1.592500 ms (FindLiveObjects: 0.131400 ms CreateObjectMapping: 0.036100 ms MarkObjects: 1.375500 ms  DeleteObjects: 0.048500 ms)

========================================================================
Received Prepare
Registering precompiled user dll's ...
Registered in 0.000683 seconds.
Begin MonoManager ReloadAssembly
Native extension for WindowsStandalone target not found
Refreshing native plugins compatible for Editor in 0.21 ms, found 0 plugins.
Preloading 0 native plugins for Editor in 0.00 ms.
Invoked RoslynAnalysisRunner static constructor.
RoslynAnalysisRunner will not be running.
RoslynAnalysisRunner has terminated.
Mono: successfully reloaded assembly
- Completed reload, in  0.884 seconds
Platform modules already initialized, skipping
Refreshing native plugins compatible for Editor in 0.19 ms, found 0 plugins.
Preloading 0 native plugins for Editor in 0.00 ms.
Unloading 1113 Unused Serialized files (Serialized files now loaded: 0)
System memory in use before: 60.5 MB.
System memory in use after: 60.6 MB.

Unloading 5 unused Assets to reduce memory usage. Loaded Objects now: 1596.
Total: 1.725300 ms (FindLiveObjects: 0.178800 ms CreateObjectMapping: 0.026800 ms MarkObjects: 1.457700 ms  DeleteObjects: 0.060900 ms)

========================================================================
Received Import Request.
  Time since last request: 2823.933882 seconds.
  path: Assets/Models
  artifactKey: Guid(6cbcabf4bdee2b14f9808445f2273d61) Importer(815301076,1909f56bfc062723c751e8b465ee728b)
Start importing Assets/Models using Guid(6cbcabf4bdee2b14f9808445f2273d61) Importer(815301076,1909f56bfc062723c751e8b465ee728b)  -> (artifact id: 'f4b08f65362a518a0b54079f255ff04d') in 0.010975 seconds
  Import took 0.014517 seconds .

========================================================================
Received Import Request.
  Time since last request: 21.825957 seconds.
  path: Assets/Models/Laser Beamer
  artifactKey: Guid(cc733dab06a03f34d8c95fcc24212818) Importer(815301076,1909f56bfc062723c751e8b465ee728b)
Start importing Assets/Models/Laser Beamer using Guid(cc733dab06a03f34d8c95fcc24212818) Importer(815301076,1909f56bfc062723c751e8b465ee728b)  -> (artifact id: 'f1e3da46926aa99b358dce7faeb4f7ce') in 0.008145 seconds
  Import took 0.012120 seconds .

========================================================================
Received Import Request.
  Time since last request: 0.052532 seconds.
  path: Assets/Models/Laser Beamer/Laser Beamer.blend
  artifactKey: Guid(40348f82cd0d5cd48a3e4a42971e30f2) Importer(815301076,1909f56bfc062723c751e8b465ee728b)
Start importing Assets/Models/Laser Beamer/Laser Beamer.blend using Guid(40348f82cd0d5cd48a3e4a42971e30f2) Importer(815301076,1909f56bfc062723c751e8b465ee728b)  -> (artifact id: '3cca2b783442b3d3143e3029098f83fc') in 0.166256 seconds
  Import took 0.181152 seconds .

========================================================================
Received Import Request.
  Time since last request: 0.000227 seconds.
  path: Assets/Models/Laser Beamer/Laser Beamer.fbx
  artifactKey: Guid(50cf57738c93005498b5d029ef758641) Importer(815301076,1909f56bfc062723c751e8b465ee728b)
Start importing Assets/Models/Laser Beamer/Laser Beamer.fbx using Guid(50cf57738c93005498b5d029ef758641) Importer(815301076,1909f56bfc062723c751e8b465ee728b)  -> (artifact id: '7a6e59decd90229c9fb98e1a02e6aef7') in 0.085633 seconds
  Import took 0.088254 seconds .

========================================================================
Received Import Request.
  Time since last request: 3.043801 seconds.
  path: Assets/Models/Standard Turret
  artifactKey: Guid(8a34216800ad4da4d9dd5b87d6de5315) Importer(815301076,1909f56bfc062723c751e8b465ee728b)
Start importing Assets/Models/Standard Turret using Guid(8a34216800ad4da4d9dd5b87d6de5315) Importer(815301076,1909f56bfc062723c751e8b465ee728b)  -> (artifact id: 'd9da3ceb3f63f2dd61f2f94b8852f473') in 0.013076 seconds
  Import took 0.036698 seconds .

========================================================================
Received Import Request.
  Time since last request: 0.023477 seconds.
  path: Assets/Models/Standard Turret/Turret with panels.blend
  artifactKey: Guid(eeae60de53afb8a4a96618aba19d3418) Importer(815301076,1909f56bfc062723c751e8b465ee728b)
Start importing Assets/Models/Standard Turret/Turret with panels.blend using Guid(eeae60de53afb8a4a96618aba19d3418) Importer(815301076,1909f56bfc062723c751e8b465ee728b)  -> (artifact id: '3dae80d405a24bbda75c77a725e33799') in 0.041761 seconds
  Import took 0.067264 seconds .

========================================================================
Received Import Request.
  Time since last request: 0.000328 seconds.
  path: Assets/Models/Standard Turret/Turret.fbx
  artifactKey: Guid(6f4774f5aad8330499d242121a704d9d) Importer(815301076,1909f56bfc062723c751e8b465ee728b)
Start importing Assets/Models/Standard Turret/Turret.fbx using Guid(6f4774f5aad8330499d242121a704d9d) Importer(815301076,1909f56bfc062723c751e8b465ee728b)  -> (artifact id: 'd0135dadc9cb1f9cf6704203398db41c') in 0.047249 seconds
  Import took 0.049016 seconds .

========================================================================
Received Import Request.
  Time since last request: 0.000158 seconds.
  path: Assets/Models/Standard Turret/Turret.blend
  artifactKey: Guid(89124f5a66551164697a48c098f2e65d) Importer(815301076,1909f56bfc062723c751e8b465ee728b)
Start importing Assets/Models/Standard Turret/Turret.blend using Guid(89124f5a66551164697a48c098f2e65d) Importer(815301076,1909f56bfc062723c751e8b465ee728b)  -> (artifact id: '0c7cf7d62e5e7c6afe3d96b6e0c16198') in 0.041872 seconds
  Import took 0.053334 seconds .

========================================================================
Received Import Request.
  Time since last request: 0.000184 seconds.
  path: Assets/Models/Standard Turret/Turret with panels.fbx
  artifactKey: Guid(3f53fee06b4f39743a86c216b32d0af2) Importer(815301076,1909f56bfc062723c751e8b465ee728b)
Start importing Assets/Models/Standard Turret/Turret with panels.fbx using Guid(3f53fee06b4f39743a86c216b32d0af2) Importer(815301076,1909f56bfc062723c751e8b465ee728b)  -> (artifact id: '2277dff1176716ef9dba3aeb8277693d') in 0.040738 seconds
  Import took 0.052661 seconds .

========================================================================
Received Import Request.
  Time since last request: 76.683932 seconds.
  path: Assets/Models/Standard Turret/Turret.blend
  artifactKey: Guid(89124f5a66551164697a48c098f2e65d) Importer(815301076,1909f56bfc062723c751e8b465ee728b)
Start importing Assets/Models/Standard Turret/Turret.blend using Guid(89124f5a66551164697a48c098f2e65d) Importer(815301076,1909f56bfc062723c751e8b465ee728b)  -> (artifact id: '2c6a8800478c1e9583e58f75c801cf1d') in 0.091161 seconds
  Import took 0.098667 seconds .

========================================================================
Received Import Request.
  Time since last request: 7.089934 seconds.
  path: Assets/Models/Standard Turret/Turret.blend
  artifactKey: Guid(89124f5a66551164697a48c098f2e65d) Importer(815301076,1909f56bfc062723c751e8b465ee728b)
Start importing Assets/Models/Standard Turret/Turret.blend using Guid(89124f5a66551164697a48c098f2e65d) Importer(815301076,1909f56bfc062723c751e8b465ee728b)  -> (artifact id: '30ae620d54a697de582511a0657ba724') in 0.074200 seconds
  Import took 0.076382 seconds .

========================================================================
Received Import Request.
  Time since last request: 20.753536 seconds.
  path: Assets/Models/Missile Launcher/Missile Launcher Texture.png
  artifactKey: Guid(72a7bf6b970817249862ab1416c88941) Importer(815301076,1909f56bfc062723c751e8b465ee728b)
Start importing Assets/Models/Missile Launcher/Missile Launcher Texture.png using Guid(72a7bf6b970817249862ab1416c88941) Importer(815301076,1909f56bfc062723c751e8b465ee728b)  -> (artifact id: '90608f54ccc5e3f1e4955afd49c978ad') in 0.037448 seconds
  Import took 0.040078 seconds .

========================================================================
Received Import Request.
  Time since last request: 0.000262 seconds.
  path: Assets/Models/Missile Launcher/Missile Launcher.blend
  artifactKey: Guid(48fb012b42f08cb489ca8b4055de79ce) Importer(815301076,1909f56bfc062723c751e8b465ee728b)
Start importing Assets/Models/Missile Launcher/Missile Launcher.blend using Guid(48fb012b42f08cb489ca8b4055de79ce) Importer(815301076,1909f56bfc062723c751e8b465ee728b)  -> (artifact id: 'be1fd722f6d99fabe70e854a4a6cfa4f') in 0.056388 seconds
  Import took 0.063721 seconds .

========================================================================
Received Import Request.
  Time since last request: 0.000151 seconds.
  path: Assets/Models/Missile Launcher/Missile Launcher.fbx
  artifactKey: Guid(28dfcc1c7ca43ec4b818181e2766197b) Importer(815301076,1909f56bfc062723c751e8b465ee728b)
Start importing Assets/Models/Missile Launcher/Missile Launcher.fbx using Guid(28dfcc1c7ca43ec4b818181e2766197b) Importer(815301076,1909f56bfc062723c751e8b465ee728b)  -> (artifact id: 'c0f6d7a757ec478ceef411663963c30f') in 0.056897 seconds
  Import took 0.059391 seconds .

========================================================================
Received Import Request.
  Time since last request: 501.187501 seconds.
  path: Assets/Models/Standard Turret/Turret.fbx
  artifactKey: Guid(6f4774f5aad8330499d242121a704d9d) Importer(815301076,1909f56bfc062723c751e8b465ee728b)
Start importing Assets/Models/Standard Turret/Turret.fbx using Guid(6f4774f5aad8330499d242121a704d9d) Importer(815301076,1909f56bfc062723c751e8b465ee728b)  -> (artifact id: 'd104e8af4ad7f0267d8ec1bed755aea8') in 0.041730 seconds
  Import took 0.044266 seconds .

========================================================================
Received Import Request.
  Time since last request: 126.295808 seconds.
  path: Assets/Models/Standard Turret/Turret.blend
  artifactKey: Guid(89124f5a66551164697a48c098f2e65d) Importer(815301076,1909f56bfc062723c751e8b465ee728b)
Start importing Assets/Models/Standard Turret/Turret.blend using Guid(89124f5a66551164697a48c098f2e65d) Importer(815301076,1909f56bfc062723c751e8b465ee728b)  -> (artifact id: '7ce1cd17b74ed58bdbde3815637bdb6e') in 0.031794 seconds
  Import took 0.041563 seconds .

========================================================================
Received Import Request.
  Time since last request: 0.003481 seconds.
  path: Assets/Models/Standard Turret/Turret.blend
  artifactKey: Guid(89124f5a66551164697a48c098f2e65d) Importer(815301076,1909f56bfc062723c751e8b465ee728b)
Start importing Assets/Models/Standard Turret/Turret.blend using Guid(89124f5a66551164697a48c098f2e65d) Importer(815301076,1909f56bfc062723c751e8b465ee728b)  -> (artifact id: '7ce1cd17b74ed58bdbde3815637bdb6e') in 0.029638 seconds
  Import took 0.031503 seconds .

========================================================================
Received Import Request.
  Time since last request: 10.107717 seconds.
  path: Assets/Models/Standard Turret/Turret.blend
  artifactKey: Guid(89124f5a66551164697a48c098f2e65d) Importer(815301076,1909f56bfc062723c751e8b465ee728b)
Start importing Assets/Models/Standard Turret/Turret.blend using Guid(89124f5a66551164697a48c098f2e65d) Importer(815301076,1909f56bfc062723c751e8b465ee728b)  -> (artifact id: '518994d70901d61a87e1257b3975d1e8') in 0.036142 seconds
  Import took 0.038283 seconds .

========================================================================
Received Import Request.
  Time since last request: 388.141640 seconds.
  path: Assets/Models/Standard Turret/Material
  artifactKey: Guid(c222f71b2553744479553038e676a3f2) Importer(815301076,1909f56bfc062723c751e8b465ee728b)
Start importing Assets/Models/Standard Turret/Material using Guid(c222f71b2553744479553038e676a3f2) Importer(815301076,1909f56bfc062723c751e8b465ee728b)  -> (artifact id: '76eda46b1ee7da4c568a199fb5d504dc') in 0.012847 seconds
  Import took 0.016901 seconds .

========================================================================
Received Import Request.
  Time since last request: 19.623040 seconds.
  path: Assets/Models/Standard Turret/Material/New Material.mat
  artifactKey: Guid(09a474798d9d16e46b924306362ddccd) Importer(815301076,1909f56bfc062723c751e8b465ee728b)
Start importing Assets/Models/Standard Turret/Material/New Material.mat using Guid(09a474798d9d16e46b924306362ddccd) Importer(815301076,1909f56bfc062723c751e8b465ee728b)  -> (artifact id: '03bc24cc9299af0154bf141fa407464f') in 0.031523 seconds
  Import took 0.034237 seconds .

========================================================================
Received Import Request.
  Time since last request: 15.745405 seconds.
  path: Assets/Models/Standard Turret/Material/Turret_Barrels.mat
  artifactKey: Guid(09a474798d9d16e46b924306362ddccd) Importer(815301076,1909f56bfc062723c751e8b465ee728b)
Start importing Assets/Models/Standard Turret/Material/Turret_Barrels.mat using Guid(09a474798d9d16e46b924306362ddccd) Importer(815301076,1909f56bfc062723c751e8b465ee728b)  -> (artifact id: 'b095589b7376f6f938c8594d61e27a53') in 0.027965 seconds
  Import took 0.032311 seconds .

========================================================================
Received Import Request.
  Time since last request: 8.903056 seconds.
  path: Assets/Models/Standard Turret/Material/Turret_Barrels 1.mat
  artifactKey: Guid(f44b38bdab86947429c47c52ae68906b) Importer(815301076,1909f56bfc062723c751e8b465ee728b)
Start importing Assets/Models/Standard Turret/Material/Turret_Barrels 1.mat using Guid(f44b38bdab86947429c47c52ae68906b) Importer(815301076,1909f56bfc062723c751e8b465ee728b)  -> (artifact id: '8f92b60e57a6a2c17e3411395d5ddf21') in 0.024914 seconds
  Import took 0.026860 seconds .

========================================================================
Received Import Request.
  Time since last request: 0.000199 seconds.
  path: Assets/Models/Standard Turret/Material/Turret_Main.mat
  artifactKey: Guid(09a474798d9d16e46b924306362ddccd) Importer(815301076,1909f56bfc062723c751e8b465ee728b)
Start importing Assets/Models/Standard Turret/Material/Turret_Main.mat using Guid(09a474798d9d16e46b924306362ddccd) Importer(815301076,1909f56bfc062723c751e8b465ee728b)  -> (artifact id: '7fb092a251d0e86c3131c78e2e95e637') in 0.043145 seconds
  Import took 0.046640 seconds .

========================================================================
Received Import Request.
  Time since last request: 38.323342 seconds.
  path: Assets/Models/Standard Turret/Turret.blend
  artifactKey: Guid(89124f5a66551164697a48c098f2e65d) Importer(815301076,1909f56bfc062723c751e8b465ee728b)
Start importing Assets/Models/Standard Turret/Turret.blend using Guid(89124f5a66551164697a48c098f2e65d) Importer(815301076,1909f56bfc062723c751e8b465ee728b)  -> (artifact id: 'e180114c96754cac28a8f99a92350736') in 0.031482 seconds
  Import took 0.033707 seconds .

========================================================================
Received Import Request.
  Time since last request: 99.940148 seconds.
  path: Assets/PreFab/Turret Variant.prefab
  artifactKey: Guid(1352b6f5a5ef6104dab09a163ac5a09f) Importer(815301076,1909f56bfc062723c751e8b465ee728b)
Start importing Assets/PreFab/Turret Variant.prefab using Guid(1352b6f5a5ef6104dab09a163ac5a09f) Importer(815301076,1909f56bfc062723c751e8b465ee728b)  -> (artifact id: '0a6f1d7b546e9d1ba8aa8306bb364568') in 0.029898 seconds
  Import took 0.033208 seconds .

========================================================================
Received Import Request.
  Time since last request: 0.007317 seconds.
  path: Assets/PreFab/Turret Variant.prefab
  artifactKey: Guid(1352b6f5a5ef6104dab09a163ac5a09f) Importer(815301076,1909f56bfc062723c751e8b465ee728b)
Start importing Assets/PreFab/Turret Variant.prefab using Guid(1352b6f5a5ef6104dab09a163ac5a09f) Importer(815301076,1909f56bfc062723c751e8b465ee728b)  -> (artifact id: '0a6f1d7b546e9d1ba8aa8306bb364568') in 0.023828 seconds
  Import took 0.028636 seconds .

========================================================================
Received Import Request.
  Time since last request: 126.692488 seconds.
  path: Assets/PreFab/Turret Variant.prefab
  artifactKey: Guid(1352b6f5a5ef6104dab09a163ac5a09f) Importer(815301076,1909f56bfc062723c751e8b465ee728b)
Start importing Assets/PreFab/Turret Variant.prefab using Guid(1352b6f5a5ef6104dab09a163ac5a09f) Importer(815301076,1909f56bfc062723c751e8b465ee728b)  -> (artifact id: '4ddf0b9781ce76edc7e0c4efffd661c7') in 0.016647 seconds
  Import took 0.019563 seconds .

========================================================================
Received Import Request.
  Time since last request: 26.717536 seconds.
  path: Assets/PreFab/Turret Variant.prefab
  artifactKey: Guid(1352b6f5a5ef6104dab09a163ac5a09f) Importer(815301076,1909f56bfc062723c751e8b465ee728b)
Start importing Assets/PreFab/Turret Variant.prefab using Guid(1352b6f5a5ef6104dab09a163ac5a09f) Importer(815301076,1909f56bfc062723c751e8b465ee728b)  -> (artifact id: 'a271a81031df1f0bdc08c1a77ed7196d') in 0.018580 seconds
  Import took 0.033545 seconds .

========================================================================
Received Import Request.
  Time since last request: 3.134454 seconds.
  path: Assets/PreFab/Turret Variant.prefab
  artifactKey: Guid(1352b6f5a5ef6104dab09a163ac5a09f) Importer(815301076,1909f56bfc062723c751e8b465ee728b)
Start importing Assets/PreFab/Turret Variant.prefab using Guid(1352b6f5a5ef6104dab09a163ac5a09f) Importer(815301076,1909f56bfc062723c751e8b465ee728b)  -> (artifact id: '6725ba2d5b4136191c5f5bdfd87524fd') in 0.011118 seconds
  Import took 0.013436 seconds .

========================================================================
Received Prepare
Registering precompiled user dll's ...
Registered in 0.000656 seconds.
Begin MonoManager ReloadAssembly
Native extension for WindowsStandalone target not found
Refreshing native plugins compatible for Editor in 0.21 ms, found 0 plugins.
Preloading 0 native plugins for Editor in 0.00 ms.
Invoked RoslynAnalysisRunner static constructor.
RoslynAnalysisRunner will not be running.
RoslynAnalysisRunner has terminated.
Mono: successfully reloaded assembly
- Completed reload, in  1.381 seconds
Platform modules already initialized, skipping
Refreshing native plugins compatible for Editor in 0.19 ms, found 0 plugins.
Preloading 0 native plugins for Editor in 0.00 ms.
Unloading 1114 Unused Serialized files (Serialized files now loaded: 0)
System memory in use before: 61.0 MB.
System memory in use after: 61.0 MB.

Unloading 6 unused Assets to reduce memory usage. Loaded Objects now: 1638.
Total: 1.380300 ms (FindLiveObjects: 0.123400 ms CreateObjectMapping: 0.029600 ms MarkObjects: 1.175400 ms  DeleteObjects: 0.051000 ms)

========================================================================
Received Prepare
Registering precompiled user dll's ...
Registered in 0.000688 seconds.
Begin MonoManager ReloadAssembly
Native extension for WindowsStandalone target not found
Refreshing native plugins compatible for Editor in 0.20 ms, found 0 plugins.
Preloading 0 native plugins for Editor in 0.00 ms.
Invoked RoslynAnalysisRunner static constructor.
RoslynAnalysisRunner will not be running.
RoslynAnalysisRunner has terminated.
Mono: successfully reloaded assembly
- Completed reload, in  0.841 seconds
Platform modules already initialized, skipping
Refreshing native plugins compatible for Editor in 0.19 ms, found 0 plugins.
Preloading 0 native plugins for Editor in 0.00 ms.
Unloading 1114 Unused Serialized files (Serialized files now loaded: 0)
System memory in use before: 61.0 MB.
System memory in use after: 61.1 MB.

Unloading 5 unused Assets to reduce memory usage. Loaded Objects now: 1641.
Total: 1.606200 ms (FindLiveObjects: 0.139300 ms CreateObjectMapping: 0.037300 ms MarkObjects: 1.377500 ms  DeleteObjects: 0.051000 ms)

========================================================================
Received Prepare
Registering precompiled user dll's ...
Registered in 0.000899 seconds.
Begin MonoManager ReloadAssembly
Native extension for WindowsStandalone target not found
Refreshing native plugins compatible for Editor in 0.27 ms, found 0 plugins.
Preloading 0 native plugins for Editor in 0.00 ms.
Invoked RoslynAnalysisRunner static constructor.
RoslynAnalysisRunner will not be running.
RoslynAnalysisRunner has terminated.
Mono: successfully reloaded assembly
- Completed reload, in  0.866 seconds
Platform modules already initialized, skipping
Refreshing native plugins compatible for Editor in 0.21 ms, found 0 plugins.
Preloading 0 native plugins for Editor in 0.00 ms.
Unloading 1114 Unused Serialized files (Serialized files now loaded: 0)
System memory in use before: 61.0 MB.
System memory in use after: 61.1 MB.

Unloading 5 unused Assets to reduce memory usage. Loaded Objects now: 1644.
Total: 2.580500 ms (FindLiveObjects: 0.362000 ms CreateObjectMapping: 0.079600 ms MarkObjects: 2.076100 ms  DeleteObjects: 0.061600 ms)

========================================================================
Received Import Request.
  Time since last request: 1479.632772 seconds.
  path: ProjectSettings/TagManager.asset
  artifactKey: Guid(00000000000000003000000000000000) Importer(815301076,1909f56bfc062723c751e8b465ee728b)
Start importing ProjectSettings/TagManager.asset using Guid(00000000000000003000000000000000) Importer(815301076,1909f56bfc062723c751e8b465ee728b)  -> (artifact id: '9274ce4079a5137dd04f6e6c4d809583') in 0.031946 seconds
  Import took 0.033802 seconds .

========================================================================
Received Import Request.
  Time since last request: 5.163483 seconds.
  path: Assets/Models/Standard Turret/Material/Turret_Barrels 1.mat
  artifactKey: Guid(f44b38bdab86947429c47c52ae68906b) Importer(815301076,1909f56bfc062723c751e8b465ee728b)
Start importing Assets/Models/Standard Turret/Material/Turret_Barrels 1.mat using Guid(f44b38bdab86947429c47c52ae68906b) Importer(815301076,1909f56bfc062723c751e8b465ee728b)  -> (artifact id: '176121c7a8078250d40a36cb84eebb70') in 0.066385 seconds
  Import took 0.082419 seconds .

========================================================================
Received Import Request.
  Time since last request: 0.000262 seconds.
  path: Assets/Models/Standard Turret/Material/Turret_Secondary.mat
  artifactKey: Guid(09a474798d9d16e46b924306362ddccd) Importer(815301076,1909f56bfc062723c751e8b465ee728b)
Start importing Assets/Models/Standard Turret/Material/Turret_Secondary.mat using Guid(09a474798d9d16e46b924306362ddccd) Importer(815301076,1909f56bfc062723c751e8b465ee728b)  -> (artifact id: '8489d5e94648410e6b91db53ab5bf9c1') in 0.024303 seconds
  Import took 0.026266 seconds .

========================================================================
Received Import Request.
  Time since last request: 0.000316 seconds.
  path: Assets/Models/Standard Turret/Material/Turret_Main 1.mat
  artifactKey: Guid(58f21eadb3d7530428b44f31d576e1b2) Importer(815301076,1909f56bfc062723c751e8b465ee728b)
Start importing Assets/Models/Standard Turret/Material/Turret_Main 1.mat using Guid(58f21eadb3d7530428b44f31d576e1b2) Importer(815301076,1909f56bfc062723c751e8b465ee728b)  -> (artifact id: 'bb8be07f8ae05296f9b1af51a646bc71') in 0.024488 seconds
  Import took 0.027616 seconds .

========================================================================
Received Import Request.
  Time since last request: 3.030605 seconds.
  path: Assets/PreFab/Enemy.prefab
  artifactKey: Guid(1e94ba891346ccc4fba4f83e0d113ae4) Importer(815301076,1909f56bfc062723c751e8b465ee728b)
Start importing Assets/PreFab/Enemy.prefab using Guid(1e94ba891346ccc4fba4f83e0d113ae4) Importer(815301076,1909f56bfc062723c751e8b465ee728b)  -> (artifact id: 'bbbb2a93a05b9220049c23dd8156a2f0') in 0.041160 seconds
  Import took 0.043106 seconds .

========================================================================
Received Prepare
Registering precompiled user dll's ...
Registered in 0.000666 seconds.
Begin MonoManager ReloadAssembly
Native extension for WindowsStandalone target not found
Refreshing native plugins compatible for Editor in 0.20 ms, found 0 plugins.
Preloading 0 native plugins for Editor in 0.00 ms.
Invoked RoslynAnalysisRunner static constructor.
RoslynAnalysisRunner will not be running.
RoslynAnalysisRunner has terminated.
Mono: successfully reloaded assembly
- Completed reload, in  0.880 seconds
Platform modules already initialized, skipping
Refreshing native plugins compatible for Editor in 0.19 ms, found 0 plugins.
Preloading 0 native plugins for Editor in 0.00 ms.
Unloading 1114 Unused Serialized files (Serialized files now loaded: 0)
System memory in use before: 61.0 MB.
System memory in use after: 61.1 MB.

Unloading 6 unused Assets to reduce memory usage. Loaded Objects now: 1648.
Total: 1.912800 ms (FindLiveObjects: 0.154600 ms CreateObjectMapping: 0.042200 ms MarkObjects: 1.657700 ms  DeleteObjects: 0.057300 ms)

========================================================================
Received Prepare
Registering precompiled user dll's ...
Registered in 0.000658 seconds.
Begin MonoManager ReloadAssembly
Native extension for WindowsStandalone target not found
Refreshing native plugins compatible for Editor in 0.19 ms, found 0 plugins.
Preloading 0 native plugins for Editor in 0.00 ms.
Invoked RoslynAnalysisRunner static constructor.
RoslynAnalysisRunner will not be running.
RoslynAnalysisRunner has terminated.
Mono: successfully reloaded assembly
- Completed reload, in  0.725 seconds
Platform modules already initialized, skipping
Refreshing native plugins compatible for Editor in 0.19 ms, found 0 plugins.
Preloading 0 native plugins for Editor in 0.00 ms.
Unloading 1114 Unused Serialized files (Serialized files now loaded: 0)
System memory in use before: 61.0 MB.
System memory in use after: 61.1 MB.

Unloading 5 unused Assets to reduce memory usage. Loaded Objects now: 1651.
Total: 1.733000 ms (FindLiveObjects: 0.138300 ms CreateObjectMapping: 0.047500 ms MarkObjects: 1.480400 ms  DeleteObjects: 0.065400 ms)

========================================================================
Received Prepare
Registering precompiled user dll's ...
Registered in 0.000720 seconds.
Begin MonoManager ReloadAssembly
Native extension for WindowsStandalone target not found
Refreshing native plugins compatible for Editor in 0.19 ms, found 0 plugins.
Preloading 0 native plugins for Editor in 0.00 ms.
Invoked RoslynAnalysisRunner static constructor.
RoslynAnalysisRunner will not be running.
RoslynAnalysisRunner has terminated.
Mono: successfully reloaded assembly
- Completed reload, in  0.849 seconds
Platform modules already initialized, skipping
Refreshing native plugins compatible for Editor in 0.20 ms, found 0 plugins.
Preloading 0 native plugins for Editor in 0.00 ms.
Unloading 1114 Unused Serialized files (Serialized files now loaded: 0)
System memory in use before: 61.0 MB.
System memory in use after: 61.1 MB.

Unloading 5 unused Assets to reduce memory usage. Loaded Objects now: 1654.
Total: 1.406300 ms (FindLiveObjects: 0.131900 ms CreateObjectMapping: 0.032400 ms MarkObjects: 1.189900 ms  DeleteObjects: 0.051100 ms)

========================================================================
Received Prepare
Registering precompiled user dll's ...
Registered in 0.000663 seconds.
Begin MonoManager ReloadAssembly
Native extension for WindowsStandalone target not found
Refreshing native plugins compatible for Editor in 0.20 ms, found 0 plugins.
Preloading 0 native plugins for Editor in 0.00 ms.
Invoked RoslynAnalysisRunner static constructor.
RoslynAnalysisRunner will not be running.
RoslynAnalysisRunner has terminated.
Mono: successfully reloaded assembly
- Completed reload, in  1.002 seconds
Platform modules already initialized, skipping
Refreshing native plugins compatible for Editor in 0.19 ms, found 0 plugins.
Preloading 0 native plugins for Editor in 0.00 ms.
Unloading 1114 Unused Serialized files (Serialized files now loaded: 0)
System memory in use before: 61.0 MB.
System memory in use after: 61.1 MB.

Unloading 5 unused Assets to reduce memory usage. Loaded Objects now: 1657.
Total: 1.655300 ms (FindLiveObjects: 0.175000 ms CreateObjectMapping: 0.043200 ms MarkObjects: 1.368000 ms  DeleteObjects: 0.068200 ms)

========================================================================
Received Import Request.
  Time since last request: 491.426909 seconds.
  path: Assets/PreFab/Turret Variant.prefab
  artifactKey: Guid(1352b6f5a5ef6104dab09a163ac5a09f) Importer(815301076,1909f56bfc062723c751e8b465ee728b)
Start importing Assets/PreFab/Turret Variant.prefab using Guid(1352b6f5a5ef6104dab09a163ac5a09f) Importer(815301076,1909f56bfc062723c751e8b465ee728b)  -> (artifact id: '00c67e03a2e03eadc4e69d8fec24739c') in 0.071172 seconds
  Import took 0.088858 seconds .

========================================================================
Received Import Request.
  Time since last request: 8.576896 seconds.
  path: Assets/PreFab/Turret Variant.prefab
  artifactKey: Guid(1352b6f5a5ef6104dab09a163ac5a09f) Importer(815301076,1909f56bfc062723c751e8b465ee728b)
Start importing Assets/PreFab/Turret Variant.prefab using Guid(1352b6f5a5ef6104dab09a163ac5a09f) Importer(815301076,1909f56bfc062723c751e8b465ee728b)  -> (artifact id: '662f83f21da2e1dde43d3f49096787d7') in 0.013697 seconds
  Import took 0.017235 seconds .

========================================================================
Received Import Request.
  Time since last request: 15.633757 seconds.
  path: Assets/PreFab/Turret Variant.prefab
  artifactKey: Guid(1352b6f5a5ef6104dab09a163ac5a09f) Importer(815301076,1909f56bfc062723c751e8b465ee728b)
Start importing Assets/PreFab/Turret Variant.prefab using Guid(1352b6f5a5ef6104dab09a163ac5a09f) Importer(815301076,1909f56bfc062723c751e8b465ee728b)  -> (artifact id: 'ec74f4cb5c3b707f211de3c8e79da9aa') in 0.015388 seconds
  Import took 0.023048 seconds .

========================================================================
Received Import Request.
  Time since last request: 3.422803 seconds.
  path: Assets/PreFab/Turret Variant.prefab
  artifactKey: Guid(1352b6f5a5ef6104dab09a163ac5a09f) Importer(815301076,1909f56bfc062723c751e8b465ee728b)
Start importing Assets/PreFab/Turret Variant.prefab using Guid(1352b6f5a5ef6104dab09a163ac5a09f) Importer(815301076,1909f56bfc062723c751e8b465ee728b)  -> (artifact id: '718611d181d1f6ad42642d072dc32c3d') in 0.021880 seconds
  Import took 0.036388 seconds .

========================================================================
Received Import Request.
  Time since last request: 8.858757 seconds.
  path: Assets/PreFab/Turret Variant.prefab
  artifactKey: Guid(1352b6f5a5ef6104dab09a163ac5a09f) Importer(815301076,1909f56bfc062723c751e8b465ee728b)
Start importing Assets/PreFab/Turret Variant.prefab using Guid(1352b6f5a5ef6104dab09a163ac5a09f) Importer(815301076,1909f56bfc062723c751e8b465ee728b)  -> (artifact id: '88cb730d6b1075dad8d3dc49368b0aa7') in 0.015449 seconds
  Import took 0.023424 seconds .

========================================================================
Received Import Request.
  Time since last request: 14.558250 seconds.
  path: Assets/PreFab/Turret Variant.prefab
  artifactKey: Guid(1352b6f5a5ef6104dab09a163ac5a09f) Importer(815301076,1909f56bfc062723c751e8b465ee728b)
Start importing Assets/PreFab/Turret Variant.prefab using Guid(1352b6f5a5ef6104dab09a163ac5a09f) Importer(815301076,1909f56bfc062723c751e8b465ee728b)  -> (artifact id: '046a5c487d5cfa5580a817f9992c070d') in 0.013450 seconds
  Import took 0.017483 seconds .

========================================================================
Received Import Request.
  Time since last request: 14.325511 seconds.
  path: Assets/PreFab/Turret Variant.prefab
  artifactKey: Guid(1352b6f5a5ef6104dab09a163ac5a09f) Importer(815301076,1909f56bfc062723c751e8b465ee728b)
Start importing Assets/PreFab/Turret Variant.prefab using Guid(1352b6f5a5ef6104dab09a163ac5a09f) Importer(815301076,1909f56bfc062723c751e8b465ee728b)  -> (artifact id: '7ca191341bb947ff148e3cb7c36988f8') in 0.013176 seconds
  Import took 0.016119 seconds .

========================================================================
Received Import Request.
  Time since last request: 2.669992 seconds.
  path: Assets/PreFab/Turret Variant.prefab
  artifactKey: Guid(1352b6f5a5ef6104dab09a163ac5a09f) Importer(815301076,1909f56bfc062723c751e8b465ee728b)
Start importing Assets/PreFab/Turret Variant.prefab using Guid(1352b6f5a5ef6104dab09a163ac5a09f) Importer(815301076,1909f56bfc062723c751e8b465ee728b)  -> (artifact id: '9518e3f5bf74f93bf58a4257b5177910') in 0.025148 seconds
  Import took 0.028099 seconds .

========================================================================
Received Prepare
Registering precompiled user dll's ...
Registered in 0.001278 seconds.
Begin MonoManager ReloadAssembly
Native extension for WindowsStandalone target not found
Refreshing native plugins compatible for Editor in 0.19 ms, found 0 plugins.
Preloading 0 native plugins for Editor in 0.00 ms.
Invoked RoslynAnalysisRunner static constructor.
RoslynAnalysisRunner will not be running.
RoslynAnalysisRunner has terminated.
Mono: successfully reloaded assembly
- Completed reload, in  0.783 seconds
Platform modules already initialized, skipping
Refreshing native plugins compatible for Editor in 0.21 ms, found 0 plugins.
Preloading 0 native plugins for Editor in 0.00 ms.
Unloading 1114 Unused Serialized files (Serialized files now loaded: 0)
System memory in use before: 61.0 MB.
System memory in use after: 61.1 MB.

Unloading 5 unused Assets to reduce memory usage. Loaded Objects now: 1661.
Total: 1.741800 ms (FindLiveObjects: 0.152100 ms CreateObjectMapping: 0.042100 ms MarkObjects: 1.477700 ms  DeleteObjects: 0.068800 ms)

========================================================================
Received Import Request.
  Time since last request: 97.740612 seconds.
  path: Assets/PreFab/Turret Variant.prefab
  artifactKey: Guid(1352b6f5a5ef6104dab09a163ac5a09f) Importer(815301076,1909f56bfc062723c751e8b465ee728b)
Start importing Assets/PreFab/Turret Variant.prefab using Guid(1352b6f5a5ef6104dab09a163ac5a09f) Importer(815301076,1909f56bfc062723c751e8b465ee728b)  -> (artifact id: '49a17a345fb1130b83ebe04e886d488c') in 0.059923 seconds
  Import took 0.069901 seconds .

========================================================================
Received Import Request.
  Time since last request: 4.266667 seconds.
  path: Assets/PreFab/Turret Variant.prefab
  artifactKey: Guid(1352b6f5a5ef6104dab09a163ac5a09f) Importer(815301076,1909f56bfc062723c751e8b465ee728b)
Start importing Assets/PreFab/Turret Variant.prefab using Guid(1352b6f5a5ef6104dab09a163ac5a09f) Importer(815301076,1909f56bfc062723c751e8b465ee728b)  -> (artifact id: 'e6ff6d15e2c20eed922ff861dc86e8db') in 0.025863 seconds
  Import took 0.035223 seconds .

========================================================================
Received Import Request.
  Time since last request: 4.193938 seconds.
  path: Assets/PreFab/Turret Variant.prefab
  artifactKey: Guid(1352b6f5a5ef6104dab09a163ac5a09f) Importer(815301076,1909f56bfc062723c751e8b465ee728b)
Start importing Assets/PreFab/Turret Variant.prefab using Guid(1352b6f5a5ef6104dab09a163ac5a09f) Importer(815301076,1909f56bfc062723c751e8b465ee728b)  -> (artifact id: '9e6d3480d42765bd8ec866f9b72ba426') in 0.013414 seconds
  Import took 0.015823 seconds .

========================================================================
Received Import Request.
  Time since last request: 493.591388 seconds.
  path: Assets/PreFab/Turret.prefab
  artifactKey: Guid(4306849a6acfbd64d9d229007ad78422) Importer(815301076,1909f56bfc062723c751e8b465ee728b)
Start importing Assets/PreFab/Turret.prefab using Guid(4306849a6acfbd64d9d229007ad78422) Importer(815301076,1909f56bfc062723c751e8b465ee728b)  -> (artifact id: '7dd938c43f3f65821c99d75fea963b16') in 0.026603 seconds
  Import took 0.039133 seconds .

========================================================================
Received Import Request.
  Time since last request: 0.005064 seconds.
  path: Assets/PreFab/Turret.prefab
  artifactKey: Guid(4306849a6acfbd64d9d229007ad78422) Importer(815301076,1909f56bfc062723c751e8b465ee728b)
Start importing Assets/PreFab/Turret.prefab using Guid(4306849a6acfbd64d9d229007ad78422) Importer(815301076,1909f56bfc062723c751e8b465ee728b)  -> (artifact id: '7dd938c43f3f65821c99d75fea963b16') in 0.017378 seconds
  Import took 0.019673 seconds .

========================================================================
Received Prepare
Registering precompiled user dll's ...
Registered in 0.004149 seconds.
Begin MonoManager ReloadAssembly
Native extension for WindowsStandalone target not found
Refreshing native plugins compatible for Editor in 0.20 ms, found 0 plugins.
Preloading 0 native plugins for Editor in 0.00 ms.
Invoked RoslynAnalysisRunner static constructor.
RoslynAnalysisRunner will not be running.
RoslynAnalysisRunner has terminated.
Mono: successfully reloaded assembly
- Completed reload, in  0.812 seconds
Platform modules already initialized, skipping
Refreshing native plugins compatible for Editor in 0.19 ms, found 0 plugins.
Preloading 0 native plugins for Editor in 0.00 ms.
Unloading 1114 Unused Serialized files (Serialized files now loaded: 0)
System memory in use before: 61.0 MB.
System memory in use after: 61.1 MB.

Unloading 5 unused Assets to reduce memory usage. Loaded Objects now: 1665.
Total: 1.584800 ms (FindLiveObjects: 0.167800 ms CreateObjectMapping: 0.042700 ms MarkObjects: 1.317500 ms  DeleteObjects: 0.055500 ms)

========================================================================
Received Import Request.
  Time since last request: 1052.510098 seconds.
  path: Assets/PreFab/Turret.prefab
  artifactKey: Guid(4306849a6acfbd64d9d229007ad78422) Importer(815301076,1909f56bfc062723c751e8b465ee728b)
Start importing Assets/PreFab/Turret.prefab using Guid(4306849a6acfbd64d9d229007ad78422) Importer(815301076,1909f56bfc062723c751e8b465ee728b)  -> (artifact id: 'a3596f1d7ff31c70e81a2b1f2ed76d45') in 0.081895 seconds
  Import took 0.084002 seconds .

========================================================================
Received Import Request.
  Time since last request: 0.999358 seconds.
  path: Assets/PreFab/Turret.prefab
  artifactKey: Guid(4306849a6acfbd64d9d229007ad78422) Importer(815301076,1909f56bfc062723c751e8b465ee728b)
Start importing Assets/PreFab/Turret.prefab using Guid(4306849a6acfbd64d9d229007ad78422) Importer(815301076,1909f56bfc062723c751e8b465ee728b)  -> (artifact id: 'a3596f1d7ff31c70e81a2b1f2ed76d45') in 0.015918 seconds
  Import took 0.019282 seconds .

========================================================================
Received Prepare
Registering precompiled user dll's ...
Registered in 0.000787 seconds.
Begin MonoManager ReloadAssembly
Native extension for WindowsStandalone target not found
Refreshing native plugins compatible for Editor in 0.20 ms, found 0 plugins.
Preloading 0 native plugins for Editor in 0.00 ms.
Invoked RoslynAnalysisRunner static constructor.
RoslynAnalysisRunner will not be running.
RoslynAnalysisRunner has terminated.
Mono: successfully reloaded assembly
- Completed reload, in  0.845 seconds
Platform modules already initialized, skipping
Refreshing native plugins compatible for Editor in 0.19 ms, found 0 plugins.
Preloading 0 native plugins for Editor in 0.00 ms.
Unloading 1114 Unused Serialized files (Serialized files now loaded: 0)
System memory in use before: 61.0 MB.
System memory in use after: 61.1 MB.

Unloading 5 unused Assets to reduce memory usage. Loaded Objects now: 1669.
Total: 1.546400 ms (FindLiveObjects: 0.144200 ms CreateObjectMapping: 0.032600 ms MarkObjects: 1.288900 ms  DeleteObjects: 0.079800 ms)

========================================================================
Received Prepare
Registering precompiled user dll's ...
Registered in 0.000667 seconds.
Begin MonoManager ReloadAssembly
Native extension for WindowsStandalone target not found
Refreshing native plugins compatible for Editor in 0.31 ms, found 0 plugins.
Preloading 0 native plugins for Editor in 0.00 ms.
Invoked RoslynAnalysisRunner static constructor.
RoslynAnalysisRunner will not be running.
RoslynAnalysisRunner has terminated.
Mono: successfully reloaded assembly
- Completed reload, in  0.836 seconds
Platform modules already initialized, skipping
Refreshing native plugins compatible for Editor in 0.20 ms, found 0 plugins.
Preloading 0 native plugins for Editor in 0.00 ms.
Unloading 1114 Unused Serialized files (Serialized files now loaded: 0)
System memory in use before: 61.1 MB.
System memory in use after: 61.1 MB.

Unloading 5 unused Assets to reduce memory usage. Loaded Objects now: 1672.
Total: 1.456500 ms (FindLiveObjects: 0.151300 ms CreateObjectMapping: 0.039100 ms MarkObjects: 1.211500 ms  DeleteObjects: 0.053600 ms)

========================================================================
Received Import Request.
  Time since last request: 2585.453311 seconds.
  path: Assets/PreFab/Turret.prefab
  artifactKey: Guid(4306849a6acfbd64d9d229007ad78422) Importer(815301076,1909f56bfc062723c751e8b465ee728b)
Start importing Assets/PreFab/Turret.prefab using Guid(4306849a6acfbd64d9d229007ad78422) Importer(815301076,1909f56bfc062723c751e8b465ee728b)  -> (artifact id: 'a479cb4f4e0f51156411d2822cbf8b9d') in 0.064106 seconds
  Import took 0.066136 seconds .

========================================================================
Received Import Request.
  Time since last request: 1.243460 seconds.
  path: Assets/PreFab/Turret.prefab
  artifactKey: Guid(4306849a6acfbd64d9d229007ad78422) Importer(815301076,1909f56bfc062723c751e8b465ee728b)
Start importing Assets/PreFab/Turret.prefab using Guid(4306849a6acfbd64d9d229007ad78422) Importer(815301076,1909f56bfc062723c751e8b465ee728b)  -> (artifact id: 'a479cb4f4e0f51156411d2822cbf8b9d') in 0.011120 seconds
  Import took 0.015192 seconds .

========================================================================
Received Prepare
Registering precompiled user dll's ...
Registered in 0.000842 seconds.
Begin MonoManager ReloadAssembly
Native extension for WindowsStandalone target not found
Refreshing native plugins compatible for Editor in 0.20 ms, found 0 plugins.
Preloading 0 native plugins for Editor in 0.00 ms.
Invoked RoslynAnalysisRunner static constructor.
RoslynAnalysisRunner will not be running.
RoslynAnalysisRunner has terminated.
Mono: successfully reloaded assembly
- Completed reload, in  0.910 seconds
Platform modules already initialized, skipping
Refreshing native plugins compatible for Editor in 0.19 ms, found 0 plugins.
Preloading 0 native plugins for Editor in 0.00 ms.
Unloading 1114 Unused Serialized files (Serialized files now loaded: 0)
System memory in use before: 61.0 MB.
System memory in use after: 61.1 MB.

Unloading 5 unused Assets to reduce memory usage. Loaded Objects now: 1676.
Total: 1.775400 ms (FindLiveObjects: 0.123900 ms CreateObjectMapping: 0.042900 ms MarkObjects: 1.537300 ms  DeleteObjects: 0.070300 ms)

========================================================================
Received Prepare
Registering precompiled user dll's ...
Registered in 0.000656 seconds.
Begin MonoManager ReloadAssembly
Native extension for WindowsStandalone target not found
Refreshing native plugins compatible for Editor in 0.19 ms, found 0 plugins.
Preloading 0 native plugins for Editor in 0.00 ms.
Invoked RoslynAnalysisRunner static constructor.
RoslynAnalysisRunner will not be running.
RoslynAnalysisRunner has terminated.
Mono: successfully reloaded assembly
- Completed reload, in  0.714 seconds
Platform modules already initialized, skipping
Refreshing native plugins compatible for Editor in 0.19 ms, found 0 plugins.
Preloading 0 native plugins for Editor in 0.00 ms.
Unloading 1114 Unused Serialized files (Serialized files now loaded: 0)
System memory in use before: 61.0 MB.
System memory in use after: 61.1 MB.

Unloading 5 unused Assets to reduce memory usage. Loaded Objects now: 1679.
Total: 1.730300 ms (FindLiveObjects: 0.171100 ms CreateObjectMapping: 0.036500 ms MarkObjects: 1.445100 ms  DeleteObjects: 0.076500 ms)

========================================================================
Received Prepare
Registering precompiled user dll's ...
Registered in 0.001010 seconds.
Begin MonoManager ReloadAssembly
Native extension for WindowsStandalone target not found
Refreshing native plugins compatible for Editor in 0.43 ms, found 0 plugins.
Preloading 0 native plugins for Editor in 0.00 ms.
Invoked RoslynAnalysisRunner static constructor.
RoslynAnalysisRunner will not be running.
RoslynAnalysisRunner has terminated.
Mono: successfully reloaded assembly
- Completed reload, in  0.811 seconds
Platform modules already initialized, skipping
Refreshing native plugins compatible for Editor in 0.19 ms, found 0 plugins.
Preloading 0 native plugins for Editor in 0.00 ms.
Unloading 1114 Unused Serialized files (Serialized files now loaded: 0)
System memory in use before: 61.0 MB.
System memory in use after: 61.1 MB.

Unloading 5 unused Assets to reduce memory usage. Loaded Objects now: 1682.
Total: 1.653900 ms (FindLiveObjects: 0.147800 ms CreateObjectMapping: 0.039100 ms MarkObjects: 1.413600 ms  DeleteObjects: 0.052400 ms)

========================================================================
Received Import Request.
  Time since last request: 254.862106 seconds.
  path: Assets/PreFab/Turret.prefab
  artifactKey: Guid(4306849a6acfbd64d9d229007ad78422) Importer(815301076,1909f56bfc062723c751e8b465ee728b)
Start importing Assets/PreFab/Turret.prefab using Guid(4306849a6acfbd64d9d229007ad78422) Importer(815301076,1909f56bfc062723c751e8b465ee728b)  -> (artifact id: 'cb6512bd58147df0642cf92e7348f87a') in 0.102427 seconds
  Import took 0.106404 seconds .

========================================================================
Received Import Request.
  Time since last request: 0.828405 seconds.
  path: Assets/Material/Enemy1Mat.mat
  artifactKey: Guid(d260ef3f53d09c942b973c5548e7fdf8) Importer(815301076,1909f56bfc062723c751e8b465ee728b)
Start importing Assets/Material/Enemy1Mat.mat using Guid(d260ef3f53d09c942b973c5548e7fdf8) Importer(815301076,1909f56bfc062723c751e8b465ee728b)  -> (artifact id: '0a1019e5f6a44b8e94092b6511650c3d') in 0.050066 seconds
  Import took 0.055584 seconds .

========================================================================
Received Import Request.
  Time since last request: 7.750156 seconds.
  path: Assets/Material/BulletMat.mat
  artifactKey: Guid(5146484c86ecafa48af643a8f7814229) Importer(815301076,1909f56bfc062723c751e8b465ee728b)
Start importing Assets/Material/BulletMat.mat using Guid(5146484c86ecafa48af643a8f7814229) Importer(815301076,1909f56bfc062723c751e8b465ee728b)  -> (artifact id: '12da8fdc19cc4fa4e0ef67c56ff9b642') in 0.025357 seconds
  Import took 0.041491 seconds .

========================================================================
Received Import Request.
  Time since last request: 18.682427 seconds.
  path: Assets/PreFab/Bullet.prefab
  artifactKey: Guid(7c28937b16b74534fbbde393a10799e8) Importer(815301076,1909f56bfc062723c751e8b465ee728b)
Start importing Assets/PreFab/Bullet.prefab using Guid(7c28937b16b74534fbbde393a10799e8) Importer(815301076,1909f56bfc062723c751e8b465ee728b)  -> (artifact id: 'fbbf867c8105842f952e531559907801') in 0.032808 seconds
  Import took 0.044811 seconds .

========================================================================
Received Import Request.
  Time since last request: 0.017766 seconds.
  path: Assets/PreFab/Bullet.prefab
  artifactKey: Guid(7c28937b16b74534fbbde393a10799e8) Importer(815301076,1909f56bfc062723c751e8b465ee728b)
Start importing Assets/PreFab/Bullet.prefab using Guid(7c28937b16b74534fbbde393a10799e8) Importer(815301076,1909f56bfc062723c751e8b465ee728b)  -> (artifact id: 'fbbf867c8105842f952e531559907801') in 0.019075 seconds
  Import took 0.022926 seconds .

========================================================================
Received Prepare
Registering precompiled user dll's ...
Registered in 0.000678 seconds.
Begin MonoManager ReloadAssembly
Native extension for WindowsStandalone target not found
Refreshing native plugins compatible for Editor in 0.64 ms, found 0 plugins.
Preloading 0 native plugins for Editor in 0.00 ms.
Invoked RoslynAnalysisRunner static constructor.
RoslynAnalysisRunner will not be running.
RoslynAnalysisRunner has terminated.
Mono: successfully reloaded assembly
- Completed reload, in  0.987 seconds
Platform modules already initialized, skipping
Refreshing native plugins compatible for Editor in 0.19 ms, found 0 plugins.
Preloading 0 native plugins for Editor in 0.00 ms.
Unloading 1114 Unused Serialized files (Serialized files now loaded: 0)
System memory in use before: 61.1 MB.
System memory in use after: 61.1 MB.

Unloading 5 unused Assets to reduce memory usage. Loaded Objects now: 1686.
Total: 1.440900 ms (FindLiveObjects: 0.136400 ms CreateObjectMapping: 0.034000 ms MarkObjects: 1.219600 ms  DeleteObjects: 0.049500 ms)

========================================================================
Received Import Request.
  Time since last request: 30.774446 seconds.
  path: Assets/Scripts/Turret.cs
  artifactKey: Guid(536ec8a1f8c63a6479623c81ae68b58d) Importer(815301076,1909f56bfc062723c751e8b465ee728b)
Start importing Assets/Scripts/Turret.cs using Guid(536ec8a1f8c63a6479623c81ae68b58d) Importer(815301076,1909f56bfc062723c751e8b465ee728b)  -> (artifact id: 'c015a03f0d4d8846faa1d253496c2215') in 0.008415 seconds
  Import took 0.010351 seconds .

========================================================================
Received Prepare
Registering precompiled user dll's ...
Registered in 0.000700 seconds.
Begin MonoManager ReloadAssembly
Native extension for WindowsStandalone target not found
Refreshing native plugins compatible for Editor in 0.20 ms, found 0 plugins.
Preloading 0 native plugins for Editor in 0.00 ms.
Invoked RoslynAnalysisRunner static constructor.
RoslynAnalysisRunner will not be running.
RoslynAnalysisRunner has terminated.
Mono: successfully reloaded assembly
- Completed reload, in  1.016 seconds
Platform modules already initialized, skipping
Refreshing native plugins compatible for Editor in 0.42 ms, found 0 plugins.
Preloading 0 native plugins for Editor in 0.00 ms.
Unloading 1114 Unused Serialized files (Serialized files now loaded: 0)
System memory in use before: 61.1 MB.
System memory in use after: 61.1 MB.

Unloading 5 unused Assets to reduce memory usage. Loaded Objects now: 1689.
Total: 1.711500 ms (FindLiveObjects: 0.165100 ms CreateObjectMapping: 0.046400 ms MarkObjects: 1.422200 ms  DeleteObjects: 0.077100 ms)

========================================================================
Received Import Request.
  Time since last request: 69.956633 seconds.
  path: Assets/Scripts/Turret.cs
  artifactKey: Guid(536ec8a1f8c63a6479623c81ae68b58d) Importer(815301076,1909f56bfc062723c751e8b465ee728b)
Start importing Assets/Scripts/Turret.cs using Guid(536ec8a1f8c63a6479623c81ae68b58d) Importer(815301076,1909f56bfc062723c751e8b465ee728b)  -> (artifact id: 'fc940e0c75237d936338993281563df7') in 0.007281 seconds
  Import took 0.009718 seconds .

========================================================================
Received Import Request.
  Time since last request: 5.206875 seconds.
  path: Assets/PreFab/Turret.prefab
  artifactKey: Guid(4306849a6acfbd64d9d229007ad78422) Importer(815301076,1909f56bfc062723c751e8b465ee728b)
Start importing Assets/PreFab/Turret.prefab using Guid(4306849a6acfbd64d9d229007ad78422) Importer(815301076,1909f56bfc062723c751e8b465ee728b)  -> (artifact id: '349caf7da5f2be493d3ff61a49806964') in 0.065733 seconds
  Import took 0.082936 seconds .

========================================================================
Received Import Request.
  Time since last request: 26.970845 seconds.
  path: Assets/PreFab/Turret.prefab
  artifactKey: Guid(4306849a6acfbd64d9d229007ad78422) Importer(815301076,1909f56bfc062723c751e8b465ee728b)
Start importing Assets/PreFab/Turret.prefab using Guid(4306849a6acfbd64d9d229007ad78422) Importer(815301076,1909f56bfc062723c751e8b465ee728b)  -> (artifact id: '7a98f02036d6090149668a26625f789b') in 0.015867 seconds
  Import took 0.018460 seconds .

========================================================================
Received Import Request.
  Time since last request: 45.849343 seconds.
  path: Assets/PreFab/Turret.prefab
  artifactKey: Guid(4306849a6acfbd64d9d229007ad78422) Importer(815301076,1909f56bfc062723c751e8b465ee728b)
Start importing Assets/PreFab/Turret.prefab using Guid(4306849a6acfbd64d9d229007ad78422) Importer(815301076,1909f56bfc062723c751e8b465ee728b)  -> (artifact id: 'e4ffd82c4f979557973b1748eab9a439') in 0.022410 seconds
  Import took 0.025149 seconds .

========================================================================
Received Prepare
Registering precompiled user dll's ...
Registered in 0.000677 seconds.
Begin MonoManager ReloadAssembly
Native extension for WindowsStandalone target not found
Refreshing native plugins compatible for Editor in 0.19 ms, found 0 plugins.
Preloading 0 native plugins for Editor in 0.00 ms.
Invoked RoslynAnalysisRunner static constructor.
RoslynAnalysisRunner will not be running.
RoslynAnalysisRunner has terminated.
Mono: successfully reloaded assembly
- Completed reload, in  0.839 seconds
Platform modules already initialized, skipping
Refreshing native plugins compatible for Editor in 0.21 ms, found 0 plugins.
Preloading 0 native plugins for Editor in 0.00 ms.
Unloading 1114 Unused Serialized files (Serialized files now loaded: 0)
System memory in use before: 61.1 MB.
System memory in use after: 61.2 MB.

Unloading 5 unused Assets to reduce memory usage. Loaded Objects now: 1693.
Total: 2.783600 ms (FindLiveObjects: 0.397600 ms CreateObjectMapping: 0.235000 ms MarkObjects: 2.091300 ms  DeleteObjects: 0.057200 ms)

========================================================================
Received Import Request.
  Time since last request: 70.699176 seconds.
  path: Assets/Scripts/Bullet.cs
  artifactKey: Guid(48c6e4bf4a12fe5438b6a881f096194d) Importer(815301076,1909f56bfc062723c751e8b465ee728b)
Start importing Assets/Scripts/Bullet.cs using Guid(48c6e4bf4a12fe5438b6a881f096194d) Importer(815301076,1909f56bfc062723c751e8b465ee728b)  -> (artifact id: '0ff5703e2be741591654afad6cff67be') in 0.034106 seconds
  Import took 0.036156 seconds .

========================================================================
Received Import Request.
  Time since last request: 0.003525 seconds.
  path: Assets/Scripts/Bullet.cs
  artifactKey: Guid(48c6e4bf4a12fe5438b6a881f096194d) Importer(815301076,1909f56bfc062723c751e8b465ee728b)
Start importing Assets/Scripts/Bullet.cs using Guid(48c6e4bf4a12fe5438b6a881f096194d) Importer(815301076,1909f56bfc062723c751e8b465ee728b)  -> (artifact id: '0ff5703e2be741591654afad6cff67be') in 0.025271 seconds
  Import took 0.029760 seconds .

========================================================================
Received Prepare
Registering precompiled user dll's ...
Registered in 0.016684 seconds.
Begin MonoManager ReloadAssembly
Native extension for WindowsStandalone target not found
Refreshing native plugins compatible for Editor in 0.20 ms, found 0 plugins.
Preloading 0 native plugins for Editor in 0.00 ms.
Invoked RoslynAnalysisRunner static constructor.
RoslynAnalysisRunner will not be running.
RoslynAnalysisRunner has terminated.
Mono: successfully reloaded assembly
- Completed reload, in  0.868 seconds
Platform modules already initialized, skipping
Refreshing native plugins compatible for Editor in 0.18 ms, found 0 plugins.
Preloading 0 native plugins for Editor in 0.00 ms.
Unloading 1115 Unused Serialized files (Serialized files now loaded: 0)
System memory in use before: 61.1 MB.
System memory in use after: 61.2 MB.

Unloading 5 unused Assets to reduce memory usage. Loaded Objects now: 1697.
Total: 1.433500 ms (FindLiveObjects: 0.128800 ms CreateObjectMapping: 0.032400 ms MarkObjects: 1.222300 ms  DeleteObjects: 0.049000 ms)

========================================================================
Received Import Request.
  Time since last request: 10.871724 seconds.
  path: Assets/PreFab/Bullet.prefab
  artifactKey: Guid(7c28937b16b74534fbbde393a10799e8) Importer(815301076,1909f56bfc062723c751e8b465ee728b)
Start importing Assets/PreFab/Bullet.prefab using Guid(7c28937b16b74534fbbde393a10799e8) Importer(815301076,1909f56bfc062723c751e8b465ee728b)  -> (artifact id: 'a2301b15adba27b71b1c59665038febd') in 0.075293 seconds
  Import took 0.077316 seconds .

========================================================================
Received Prepare
Registering precompiled user dll's ...
Registered in 0.000732 seconds.
Begin MonoManager ReloadAssembly
Native extension for WindowsStandalone target not found
Refreshing native plugins compatible for Editor in 0.25 ms, found 0 plugins.
Preloading 0 native plugins for Editor in 0.00 ms.
Invoked RoslynAnalysisRunner static constructor.
RoslynAnalysisRunner will not be running.
RoslynAnalysisRunner has terminated.
Mono: successfully reloaded assembly
- Completed reload, in  1.337 seconds
Platform modules already initialized, skipping
Refreshing native plugins compatible for Editor in 0.20 ms, found 0 plugins.
Preloading 0 native plugins for Editor in 0.00 ms.
Unloading 1115 Unused Serialized files (Serialized files now loaded: 0)
System memory in use before: 61.1 MB.
System memory in use after: 61.2 MB.

Unloading 5 unused Assets to reduce memory usage. Loaded Objects now: 1701.
Total: 1.770600 ms (FindLiveObjects: 0.173100 ms CreateObjectMapping: 0.041000 ms MarkObjects: 1.491900 ms  DeleteObjects: 0.062900 ms)

========================================================================
Received Import Request.
  Time since last request: 2142.521254 seconds.
  path: Assets/PreFab/Bullet.prefab
  artifactKey: Guid(7c28937b16b74534fbbde393a10799e8) Importer(815301076,1909f56bfc062723c751e8b465ee728b)
Start importing Assets/PreFab/Bullet.prefab using Guid(7c28937b16b74534fbbde393a10799e8) Importer(815301076,1909f56bfc062723c751e8b465ee728b)  -> (artifact id: 'f2803593ba83bf3674ab1d98d8e0bba7') in 0.069589 seconds
  Import took 0.071772 seconds .

========================================================================
Received Prepare
Registering precompiled user dll's ...
Registered in 0.001113 seconds.
Begin MonoManager ReloadAssembly
Native extension for WindowsStandalone target not found
Refreshing native plugins compatible for Editor in 0.21 ms, found 0 plugins.
Preloading 0 native plugins for Editor in 0.00 ms.
Invoked RoslynAnalysisRunner static constructor.
RoslynAnalysisRunner will not be running.
RoslynAnalysisRunner has terminated.
Mono: successfully reloaded assembly
- Completed reload, in  0.998 seconds
Platform modules already initialized, skipping
Refreshing native plugins compatible for Editor in 0.21 ms, found 0 plugins.
Preloading 0 native plugins for Editor in 0.00 ms.
Unloading 1115 Unused Serialized files (Serialized files now loaded: 0)
System memory in use before: 61.1 MB.
System memory in use after: 61.2 MB.

Unloading 5 unused Assets to reduce memory usage. Loaded Objects now: 1705.
Total: 1.930900 ms (FindLiveObjects: 0.320600 ms CreateObjectMapping: 0.073800 ms MarkObjects: 1.482400 ms  DeleteObjects: 0.052600 ms)

========================================================================
Received Prepare
Registering precompiled user dll's ...
Registered in 0.000659 seconds.
Begin MonoManager ReloadAssembly
Native extension for WindowsStandalone target not found
Refreshing native plugins compatible for Editor in 0.20 ms, found 0 plugins.
Preloading 0 native plugins for Editor in 0.00 ms.
Invoked RoslynAnalysisRunner static constructor.
RoslynAnalysisRunner will not be running.
RoslynAnalysisRunner has terminated.
Mono: successfully reloaded assembly
- Completed reload, in  0.838 seconds
Platform modules already initialized, skipping
Refreshing native plugins compatible for Editor in 0.39 ms, found 0 plugins.
Preloading 0 native plugins for Editor in 0.00 ms.
Unloading 1115 Unused Serialized files (Serialized files now loaded: 0)
System memory in use before: 61.1 MB.
System memory in use after: 61.2 MB.

Unloading 5 unused Assets to reduce memory usage. Loaded Objects now: 1708.
Total: 1.834100 ms (FindLiveObjects: 0.156700 ms CreateObjectMapping: 0.040800 ms MarkObjects: 1.564300 ms  DeleteObjects: 0.070900 ms)

========================================================================
Received Import Request.
  Time since last request: 208.338162 seconds.
  path: Assets/Material/BulletMat.mat
  artifactKey: Guid(5146484c86ecafa48af643a8f7814229) Importer(815301076,1909f56bfc062723c751e8b465ee728b)
Start importing Assets/Material/BulletMat.mat using Guid(5146484c86ecafa48af643a8f7814229) Importer(815301076,1909f56bfc062723c751e8b465ee728b)  -> (artifact id: 'a34a515beeb9c6eff5ef8dbaa713b197') in 0.095825 seconds
  Import took 0.099833 seconds .

========================================================================
Received Import Request.
  Time since last request: 9.279054 seconds.
  path: Assets/Material/BulletImpactMat.mat
  artifactKey: Guid(8d3f93432f10ea74db6f42487298083f) Importer(815301076,1909f56bfc062723c751e8b465ee728b)
Start importing Assets/Material/BulletImpactMat.mat using Guid(8d3f93432f10ea74db6f42487298083f) Importer(815301076,1909f56bfc062723c751e8b465ee728b)  -> (artifact id: 'bedb3dc7f3614e7c0a30d3a40838b8dc') in 0.021183 seconds
  Import took 0.023649 seconds .

========================================================================
Received Import Request.
  Time since last request: 180.813214 seconds.
  path: Assets/Material/BulletImpactMat.mat
  artifactKey: Guid(8d3f93432f10ea74db6f42487298083f) Importer(815301076,1909f56bfc062723c751e8b465ee728b)
Start importing Assets/Material/BulletImpactMat.mat using Guid(8d3f93432f10ea74db6f42487298083f) Importer(815301076,1909f56bfc062723c751e8b465ee728b)  -> (artifact id: 'a2b42b1258033c127b97978b91709787') in 0.019318 seconds
  Import took 0.021776 seconds .

========================================================================
Received Import Request.
  Time since last request: 164.243913 seconds.
  path: Assets/PreFab/BulletImpactEffect.prefab
  artifactKey: Guid(63382eca1d3369246b5e1131b4051a48) Importer(815301076,1909f56bfc062723c751e8b465ee728b)
Start importing Assets/PreFab/BulletImpactEffect.prefab using Guid(63382eca1d3369246b5e1131b4051a48) Importer(815301076,1909f56bfc062723c751e8b465ee728b)  -> (artifact id: 'f3a17d6dc5b90acb5a35f361996910b7') in 0.025253 seconds
  Import took 0.028860 seconds .

========================================================================
Received Import Request.
  Time since last request: 0.001425 seconds.
  path: Assets/PreFab/BulletImpactEffect.prefab
  artifactKey: Guid(63382eca1d3369246b5e1131b4051a48) Importer(815301076,1909f56bfc062723c751e8b465ee728b)
Start importing Assets/PreFab/BulletImpactEffect.prefab using Guid(63382eca1d3369246b5e1131b4051a48) Importer(815301076,1909f56bfc062723c751e8b465ee728b)  -> (artifact id: 'f3a17d6dc5b90acb5a35f361996910b7') in 0.009780 seconds
  Import took 0.012989 seconds .

========================================================================
Received Prepare
Registering precompiled user dll's ...
Registered in 0.002984 seconds.
Begin MonoManager ReloadAssembly
Native extension for WindowsStandalone target not found
Refreshing native plugins compatible for Editor in 0.22 ms, found 0 plugins.
Preloading 0 native plugins for Editor in 0.00 ms.
Invoked RoslynAnalysisRunner static constructor.
RoslynAnalysisRunner will not be running.
RoslynAnalysisRunner has terminated.
Mono: successfully reloaded assembly
- Completed reload, in  1.074 seconds
Platform modules already initialized, skipping
Refreshing native plugins compatible for Editor in 0.20 ms, found 0 plugins.
Preloading 0 native plugins for Editor in 0.00 ms.
Unloading 1115 Unused Serialized files (Serialized files now loaded: 0)
System memory in use before: 61.1 MB.
System memory in use after: 61.2 MB.

Unloading 5 unused Assets to reduce memory usage. Loaded Objects now: 1713.
Total: 2.812600 ms (FindLiveObjects: 0.188200 ms CreateObjectMapping: 0.095400 ms MarkObjects: 2.462000 ms  DeleteObjects: 0.065100 ms)

========================================================================
Received Import Request.
  Time since last request: 94.046487 seconds.
  path: Assets/PreFab/Bullet.prefab
  artifactKey: Guid(7c28937b16b74534fbbde393a10799e8) Importer(815301076,1909f56bfc062723c751e8b465ee728b)
Start importing Assets/PreFab/Bullet.prefab using Guid(7c28937b16b74534fbbde393a10799e8) Importer(815301076,1909f56bfc062723c751e8b465ee728b)  -> (artifact id: '0d8ba7b08431f5d0d645d12c997b7a35') in 0.083375 seconds
  Import took 0.091715 seconds .

========================================================================
Received Import Request.
  Time since last request: 11.572934 seconds.
  path: Assets/PreFab/Bullet.prefab
  artifactKey: Guid(7c28937b16b74534fbbde393a10799e8) Importer(815301076,1909f56bfc062723c751e8b465ee728b)
Start importing Assets/PreFab/Bullet.prefab using Guid(7c28937b16b74534fbbde393a10799e8) Importer(815301076,1909f56bfc062723c751e8b465ee728b)  -> (artifact id: '1a46f15217d7062645b64b5940c55961') in 0.019407 seconds
  Import took 0.041214 seconds .

========================================================================
Received Prepare
Registering precompiled user dll's ...
Registered in 0.000670 seconds.
Begin MonoManager ReloadAssembly
Native extension for WindowsStandalone target not found
Refreshing native plugins compatible for Editor in 0.21 ms, found 0 plugins.
Preloading 0 native plugins for Editor in 0.00 ms.
Invoked RoslynAnalysisRunner static constructor.
RoslynAnalysisRunner will not be running.
RoslynAnalysisRunner has terminated.
Mono: successfully reloaded assembly
- Completed reload, in  0.979 seconds
Platform modules already initialized, skipping
Refreshing native plugins compatible for Editor in 0.19 ms, found 0 plugins.
Preloading 0 native plugins for Editor in 0.00 ms.
Unloading 1115 Unused Serialized files (Serialized files now loaded: 0)
System memory in use before: 61.2 MB.
System memory in use after: 61.2 MB.

Unloading 5 unused Assets to reduce memory usage. Loaded Objects now: 1717.
Total: 1.492600 ms (FindLiveObjects: 0.131400 ms CreateObjectMapping: 0.031800 ms MarkObjects: 1.280700 ms  DeleteObjects: 0.047500 ms)

========================================================================
Received Import Request.
  Time since last request: 53.252236 seconds.
  path: Assets/PreFab/BulletImpactEffect.prefab
  artifactKey: Guid(63382eca1d3369246b5e1131b4051a48) Importer(815301076,1909f56bfc062723c751e8b465ee728b)
Start importing Assets/PreFab/BulletImpactEffect.prefab using Guid(63382eca1d3369246b5e1131b4051a48) Importer(815301076,1909f56bfc062723c751e8b465ee728b)  -> (artifact id: '6130871039f5824ca073dca59d4b2951') in 0.035621 seconds
  Import took 0.038071 seconds .

========================================================================
Received Prepare
Registering precompiled user dll's ...
Registered in 0.001132 seconds.
Begin MonoManager ReloadAssembly
Native extension for WindowsStandalone target not found
Refreshing native plugins compatible for Editor in 0.21 ms, found 0 plugins.
Preloading 0 native plugins for Editor in 0.00 ms.
Invoked RoslynAnalysisRunner static constructor.
RoslynAnalysisRunner will not be running.
RoslynAnalysisRunner has terminated.
Mono: successfully reloaded assembly
- Completed reload, in  0.743 seconds
Platform modules already initialized, skipping
Refreshing native plugins compatible for Editor in 0.21 ms, found 0 plugins.
Preloading 0 native plugins for Editor in 0.00 ms.
Unloading 1115 Unused Serialized files (Serialized files now loaded: 0)
System memory in use before: 61.2 MB.
System memory in use after: 61.2 MB.

Unloading 5 unused Assets to reduce memory usage. Loaded Objects now: 1720.
Total: 1.882600 ms (FindLiveObjects: 0.168900 ms CreateObjectMapping: 0.046200 ms MarkObjects: 1.607300 ms  DeleteObjects: 0.059200 ms)

AssetImportWorkerClient::OnTransportError - code=2 error=End of file
